<?xml version="1.0" encoding="UTF-8"?>
<!-- Generated by org.testng.reporters.JUnitXMLReporter -->
<testsuite hostname="DESKTOP-81VIBMU" ignored="0" name="Command line test" tests="1" failures="0" timestamp="12 Sep 2017 00:23:18 GMT" time="0.042" errors="0">
  <testcase name="@BeforeTest setUp" time="0.0" classname="common.CommonAPI">
    <failure type="org.testng.TestNGException" message="
Parameter &amp;apos;browserName&amp;apos; is required by BeforeTest on method setUp but has not been marked @Optional or defined
">
      <![CDATA[org.testng.TestNGException: 
Parameter 'browserName' is required by BeforeTest on method setUp but has not been marked @Optional or defined

... Removed 29 stack frames]]>
    </failure>
  </testcase> <!-- @BeforeTest setUp -->
  <testcase name="@AfterTest cleanup" time="0.0" classname="common.CommonAPI">
    <skipped/>
  </testcase> <!-- @AfterTest cleanup -->
  <testcase name="testLogin" time="0.001" classname="testhomepage.TestfacebookHomePage">
    <skipped/>
  </testcase> <!-- testLogin -->
</testsuite> <!-- Command line test -->
